<?xml version="1.0" encoding="UTF-8"?>
<!-- Generated by org.testng.reporters.JUnitReportReporter -->
<testsuite hostname="DESKTOP-21T6B4I" failures="0" tests="1" name="mavenforjenkins.UITest" time="23.282" errors="0" timestamp="2023-12-08T17:37:29 GMT" skipped="0">
  <testcase classname="mavenforjenkins.UITest" name="startBrowser" time="23.282"/>
</testsuite> <!-- mavenforjenkins.UITest -->
